  [1m[36m (1.2ms)[0m  [1mCREATE TABLE "schema_migrations" ("version" varchar NOT NULL) [0m
  [1m[35m (0.0ms)[0m  select sqlite_version(*)
  [1m[36m (1.0ms)[0m  [1mCREATE UNIQUE INDEX "unique_schema_migrations" ON "schema_migrations" ("version")[0m
  [1m[35mActiveRecord::SchemaMigration Load (0.1ms)[0m  SELECT "schema_migrations".* FROM "schema_migrations"
  [1m[36mActiveRecord::SchemaMigration Load (0.1ms)[0m  [1mSELECT "schema_migrations".* FROM "schema_migrations"[0m
Migrating to CreatePosts (20151230232412)
  [1m[35m (0.1ms)[0m  begin transaction
  [1m[36m (0.4ms)[0m  [1mCREATE TABLE "posts" ("id" INTEGER PRIMARY KEY AUTOINCREMENT NOT NULL, "title" varchar, "description" text, "created_at" datetime NOT NULL, "updated_at" datetime NOT NULL) [0m
  [1m[35mSQL (0.2ms)[0m  INSERT INTO "schema_migrations" ("version") VALUES (?)  [["version", "20151230232412"]]
  [1m[36m (1.3ms)[0m  [1mcommit transaction[0m
  [1m[35mActiveRecord::SchemaMigration Load (0.1ms)[0m  SELECT "schema_migrations".* FROM "schema_migrations"


Started GET "/posts/new" for ::1 at 2015-12-31 13:44:56 -0600
  [1m[36mActiveRecord::SchemaMigration Load (0.1ms)[0m  [1mSELECT "schema_migrations".* FROM "schema_migrations"[0m
Processing by PostsController#new as HTML
  Rendered posts/new.html.erb within layouts/application (2.1ms)
Completed 200 OK in 347ms (Views: 326.8ms | ActiveRecord: 0.2ms)


Started GET "/assets/application.self-e80e8f2318043e8af94dddc2adad5a4f09739a8ebb323b3ab31cd71d45fd9113.css?body=1" for ::1 at 2015-12-31 13:44:57 -0600


Started GET "/assets/application.self-3b8dabdc891efe46b9a144b400ad69e37d7e5876bdc39dee783419a69d7ca819.js?body=1" for ::1 at 2015-12-31 13:44:57 -0600


Started POST "/posts" for ::1 at 2015-12-31 13:45:03 -0600
Processing by PostsController#create as HTML
  Parameters: {"utf8"=>"✓", "authenticity_token"=>"mFCuNJP5reOW19phdr4zXRLzOMo4NZQ3wneiVR+RO/+owIoDiOxh24iHKkZ7DGazxbSIoRmvIOmJgA4gog1sGg==", "title"=>"Rails Introduction Quiz", "description"=>"asdfasdf", "commit"=>"Submit Post"}
  [1m[35m (0.1ms)[0m  begin transaction
  [1m[36mSQL (0.4ms)[0m  [1mINSERT INTO "posts" ("title", "description", "created_at", "updated_at") VALUES (?, ?, ?, ?)[0m  [["title", "Rails Introduction Quiz"], ["description", "asdfasdf"], ["created_at", "2015-12-31 19:45:03.614973"], ["updated_at", "2015-12-31 19:45:03.614973"]]
  [1m[35m (1.2ms)[0m  commit transaction
Redirected to http://localhost:3000/posts/1
Completed 302 Found in 22ms (ActiveRecord: 1.7ms)


Started GET "/posts/1" for ::1 at 2015-12-31 13:45:03 -0600
Processing by PostsController#show as HTML
  Parameters: {"id"=>"1"}
  [1m[36mPost Load (0.2ms)[0m  [1mSELECT  "posts".* FROM "posts" WHERE "posts"."id" = ? LIMIT 1[0m  [["id", 1]]
  Rendered posts/show.html.erb within layouts/application (0.4ms)
Completed 200 OK in 27ms (Views: 10.4ms | ActiveRecord: 0.2ms)
  [1m[35m (0.1ms)[0m  [1m[36mbegin transaction[0m
  [1m[35mSQL (1.4ms)[0m  [1m[32mINSERT INTO "posts" ("title", "description", "created_at", "updated_at") VALUES (?, ?, ?, ?)[0m  [["title", "title goes here"], ["description", "desc goes here..."], ["created_at", "2020-03-17 15:17:30.653876"], ["updated_at", "2020-03-17 15:17:30.653876"]]
  [1m[35m (1.1ms)[0m  [1m[36mcommit transaction[0m
Started GET "/students/new" for ::1 at 2020-03-17 11:29:09 -0400
  [1m[36mActiveRecord::SchemaMigration Load (0.2ms)[0m  [1m[34mSELECT "schema_migrations".* FROM "schema_migrations"[0m
  
ActionController::RoutingError (No route matches [GET] "/students/new"):
  
actionpack (5.0.7.2) lib/action_dispatch/middleware/debug_exceptions.rb:53:in `call'
actionpack (5.0.7.2) lib/action_dispatch/middleware/show_exceptions.rb:31:in `call'
railties (5.0.7.2) lib/rails/rack/logger.rb:36:in `call_app'
railties (5.0.7.2) lib/rails/rack/logger.rb:24:in `block in call'
activesupport (5.0.7.2) lib/active_support/tagged_logging.rb:69:in `block in tagged'
activesupport (5.0.7.2) lib/active_support/tagged_logging.rb:26:in `tagged'
activesupport (5.0.7.2) lib/active_support/tagged_logging.rb:69:in `tagged'
railties (5.0.7.2) lib/rails/rack/logger.rb:24:in `call'
sprockets-rails (3.2.1) lib/sprockets/rails/quiet_assets.rb:13:in `call'
actionpack (5.0.7.2) lib/action_dispatch/middleware/request_id.rb:24:in `call'
rack (2.2.2) lib/rack/method_override.rb:24:in `call'
rack (2.2.2) lib/rack/runtime.rb:22:in `call'
activesupport (5.0.7.2) lib/active_support/cache/strategy/local_cache_middleware.rb:28:in `call'
actionpack (5.0.7.2) lib/action_dispatch/middleware/executor.rb:12:in `call'
actionpack (5.0.7.2) lib/action_dispatch/middleware/static.rb:136:in `call'
rack (2.2.2) lib/rack/sendfile.rb:110:in `call'
railties (5.0.7.2) lib/rails/engine.rb:522:in `call'
rack (2.2.2) lib/rack/handler/webrick.rb:95:in `service'
/Users/kellypowers/.rvm/rubies/ruby-2.6.1/lib/ruby/2.6.0/webrick/httpserver.rb:140:in `service'
/Users/kellypowers/.rvm/rubies/ruby-2.6.1/lib/ruby/2.6.0/webrick/httpserver.rb:96:in `run'
/Users/kellypowers/.rvm/rubies/ruby-2.6.1/lib/ruby/2.6.0/webrick/server.rb:307:in `block in start_thread'
  Rendering /Users/kellypowers/.rvm/gems/ruby-2.6.1/gems/actionpack-5.0.7.2/lib/action_dispatch/middleware/templates/rescues/routing_error.html.erb within rescues/layout
  Rendering /Users/kellypowers/.rvm/gems/ruby-2.6.1/gems/actionpack-5.0.7.2/lib/action_dispatch/middleware/templates/rescues/_trace.html.erb
  Rendered /Users/kellypowers/.rvm/gems/ruby-2.6.1/gems/actionpack-5.0.7.2/lib/action_dispatch/middleware/templates/rescues/_trace.html.erb (7.6ms)
  Rendered collection of /Users/kellypowers/.rvm/gems/ruby-2.6.1/gems/actionpack-5.0.7.2/lib/action_dispatch/middleware/templates/routes/_route.html.erb [8 times] (14.5ms)
  Rendered /Users/kellypowers/.rvm/gems/ruby-2.6.1/gems/actionpack-5.0.7.2/lib/action_dispatch/middleware/templates/routes/_table.html.erb (26.1ms)
  Rendering /Users/kellypowers/.rvm/gems/ruby-2.6.1/gems/actionpack-5.0.7.2/lib/action_dispatch/middleware/templates/rescues/_request_and_response.html.erb
  Rendered /Users/kellypowers/.rvm/gems/ruby-2.6.1/gems/actionpack-5.0.7.2/lib/action_dispatch/middleware/templates/rescues/_request_and_response.html.erb (47.6ms)
  Rendered /Users/kellypowers/.rvm/gems/ruby-2.6.1/gems/actionpack-5.0.7.2/lib/action_dispatch/middleware/templates/rescues/routing_error.html.erb within rescues/layout (228.8ms)
Started GET "/posts/new" for ::1 at 2020-03-17 11:29:24 -0400
Processing by PostsController#new as HTML
  Rendering posts/new.html.erb within layouts/application
  Rendered posts/new.html.erb within layouts/application (27.7ms)
Completed 200 OK in 4659ms (Views: 4557.8ms | ActiveRecord: 1.3ms)


Started POST "/posts" for ::1 at 2020-03-17 11:29:40 -0400
Processing by PostsController#create as HTML
  Parameters: {"utf8"=>"✓", "authenticity_token"=>"0DsquXpS+5KtmEje1MigVXT1ewflvRCysPEY1e5/9em9PDp3P5ALutBSMw8gGCdgWmETtMY/Ty26Q1DLwQ/BQg==", "title"=>"tit", "description"=>"scrip", "commit"=>"Submit Post"}
  [1m[35m (0.3ms)[0m  [1m[36mbegin transaction[0m
  [1m[35mSQL (2.9ms)[0m  [1m[32mINSERT INTO "posts" ("title", "description", "created_at", "updated_at") VALUES (?, ?, ?, ?)[0m  [["title", "tit"], ["description", "scrip"], ["created_at", "2020-03-17 15:29:40.998629"], ["updated_at", "2020-03-17 15:29:40.998629"]]
  [1m[35m (5.9ms)[0m  [1m[36mcommit transaction[0m
No template found for PostsController#create, rendering head :no_content
Completed 204 No Content in 116ms (ActiveRecord: 9.0ms)


Started GET "/posts/new" for ::1 at 2020-03-17 11:30:30 -0400
Processing by PostsController#new as HTML
  Rendering posts/new.html.erb within layouts/application
  Rendered posts/new.html.erb within layouts/application (3.6ms)
Completed 200 OK in 114ms (Views: 79.8ms | ActiveRecord: 4.4ms)


Started POST "/posts" for ::1 at 2020-03-17 11:30:35 -0400
Processing by PostsController#create as HTML
  Parameters: {"utf8"=>"✓", "authenticity_token"=>"eyBGFnmtMytsrOTsZcmBij2CLHOFDJ1iLDzHGxmBYAIWJ1bYPG/DAxFmnz2RGQa/ExZEwKaOwv0mjo8FNvFUqQ==", "title"=>"tit", "description"=>"cstip", "commit"=>"Submit Post"}
  [1m[35m (0.9ms)[0m  [1m[36mbegin transaction[0m
  [1m[35mSQL (0.7ms)[0m  [1m[32mINSERT INTO "posts" ("title", "description", "created_at", "updated_at") VALUES (?, ?, ?, ?)[0m  [["title", "tit"], ["description", "cstip"], ["created_at", "2020-03-17 15:30:35.652677"], ["updated_at", "2020-03-17 15:30:35.652677"]]
  [1m[35m (2.3ms)[0m  [1m[36mcommit transaction[0m
No template found for PostsController#create, rendering head :no_content
Completed 204 No Content in 106ms (ActiveRecord: 3.9ms)


Started GET "/posts/new" for ::1 at 2020-03-17 11:41:06 -0400
Processing by PostsController#new as HTML
  Rendering posts/new.html.erb within layouts/application
  Rendered posts/new.html.erb within layouts/application (2.2ms)
Completed 200 OK in 162ms (Views: 70.6ms | ActiveRecord: 1.8ms)


Started POST "/posts" for ::1 at 2020-03-17 11:41:09 -0400
Processing by PostsController#create as HTML
  Parameters: {"utf8"=>"✓", "authenticity_token"=>"r2RvARp1OPjpEfRlVO3XVPHH/bWJxliraq+NDZTePiXCY3/PX7fI0JTbj7SgPVBh31OVBqpEBzRgHcUTu64Kjg==", "title"=>"1", "description"=>"2", "commit"=>"Submit Post"}
  [1m[35m (2.1ms)[0m  [1m[36mbegin transaction[0m
  [1m[35mSQL (0.8ms)[0m  [1m[32mINSERT INTO "posts" ("title", "description", "created_at", "updated_at") VALUES (?, ?, ?, ?)[0m  [["title", "1"], ["description", "2"], ["created_at", "2020-03-17 15:41:09.524749"], ["updated_at", "2020-03-17 15:41:09.524749"]]
  [1m[35m (1.5ms)[0m  [1m[36mcommit transaction[0m
No template found for PostsController#create, rendering head :no_content
Completed 204 No Content in 49ms (ActiveRecord: 4.4ms)


Started GET "/posts/new" for ::1 at 2020-03-17 11:47:15 -0400
  [1m[36mActiveRecord::SchemaMigration Load (0.1ms)[0m  [1m[34mSELECT "schema_migrations".* FROM "schema_migrations"[0m
Processing by PostsController#new as HTML
  Rendering posts/new.html.erb within layouts/application
  Rendered posts/new.html.erb within layouts/application (9.1ms)
Completed 200 OK in 431ms (Views: 411.3ms | ActiveRecord: 0.8ms)


Started POST "/posts" for ::1 at 2020-03-17 11:47:18 -0400
Processing by PostsController#create as HTML
  Parameters: {"utf8"=>"✓", "authenticity_token"=>"msYafD8FzZK6TVDUp+iRj79sfUWlhdUUXOwLV7vhpd33wQqyesc9useHKwVTOBa6kfgV9oYHiotWXkNJlJGRdg==", "title"=>"1", "description"=>"2", "commit"=>"Submit Post"}
  [1m[35m (0.1ms)[0m  [1m[36mbegin transaction[0m
  [1m[35mSQL (0.7ms)[0m  [1m[32mINSERT INTO "posts" ("title", "description", "created_at", "updated_at") VALUES (?, ?, ?, ?)[0m  [["title", "1"], ["description", "2"], ["created_at", "2020-03-17 15:47:18.694186"], ["updated_at", "2020-03-17 15:47:18.694186"]]
  [1m[35m (1.2ms)[0m  [1m[36mcommit transaction[0m
No template found for PostsController#create, rendering head :no_content
Completed 204 No Content in 33ms (ActiveRecord: 1.9ms)


Started GET "/posts/new" for ::1 at 2020-03-17 11:50:05 -0400
  
SyntaxError (/Users/kellypowers/coding/fipart3/rails-create-action-readme-onl01-seng-ft-012120/app/controllers/posts_controller.rb:21: syntax error, unexpected end, expecting ')'
  end
  ^~~):
  
app/controllers/posts_controller.rb:21: syntax error, unexpected end, expecting ')'
  Rendering /Users/kellypowers/.rvm/gems/ruby-2.6.1/gems/actionpack-5.0.7.2/lib/action_dispatch/middleware/templates/rescues/diagnostics.html.erb within rescues/layout
  Rendering /Users/kellypowers/.rvm/gems/ruby-2.6.1/gems/actionpack-5.0.7.2/lib/action_dispatch/middleware/templates/rescues/_source.html.erb
  Rendered /Users/kellypowers/.rvm/gems/ruby-2.6.1/gems/actionpack-5.0.7.2/lib/action_dispatch/middleware/templates/rescues/_source.html.erb (2.7ms)
  Rendering /Users/kellypowers/.rvm/gems/ruby-2.6.1/gems/actionpack-5.0.7.2/lib/action_dispatch/middleware/templates/rescues/_trace.html.erb
  Rendered /Users/kellypowers/.rvm/gems/ruby-2.6.1/gems/actionpack-5.0.7.2/lib/action_dispatch/middleware/templates/rescues/_trace.html.erb (1.7ms)
  Rendering /Users/kellypowers/.rvm/gems/ruby-2.6.1/gems/actionpack-5.0.7.2/lib/action_dispatch/middleware/templates/rescues/_request_and_response.html.erb
  Rendered /Users/kellypowers/.rvm/gems/ruby-2.6.1/gems/actionpack-5.0.7.2/lib/action_dispatch/middleware/templates/rescues/_request_and_response.html.erb (2.5ms)
  Rendered /Users/kellypowers/.rvm/gems/ruby-2.6.1/gems/actionpack-5.0.7.2/lib/action_dispatch/middleware/templates/rescues/diagnostics.html.erb within rescues/layout (37.2ms)
Started GET "/posts/new" for ::1 at 2020-03-17 11:50:16 -0400
Processing by PostsController#new as HTML
  Rendering posts/new.html.erb within layouts/application
  Rendered posts/new.html.erb within layouts/application (1.6ms)
Completed 200 OK in 73ms (Views: 60.9ms | ActiveRecord: 1.0ms)


Started POST "/posts" for ::1 at 2020-03-17 11:50:19 -0400
Processing by PostsController#create as HTML
  Parameters: {"utf8"=>"✓", "authenticity_token"=>"M06YNSlT3CbyowkW7wfnDREJoVpV65XjB1+HKl21yxdeSYj7bJEsDo9pcscb12A4P53J6XZpynwN7c80csX/vA==", "title"=>"1", "description"=>"2", "commit"=>"Submit Post"}
  [1m[35m (0.3ms)[0m  [1m[36mbegin transaction[0m
  [1m[35mSQL (0.8ms)[0m  [1m[32mINSERT INTO "posts" ("title", "description", "created_at", "updated_at") VALUES (?, ?, ?, ?)[0m  [["title", "1"], ["description", "2"], ["created_at", "2020-03-17 15:50:19.573243"], ["updated_at", "2020-03-17 15:50:19.573243"]]
  [1m[35m (1.5ms)[0m  [1m[36mcommit transaction[0m
Completed 500 Internal Server Error in 12ms (ActiveRecord: 2.7ms)


  
ActionController::UrlGenerationError (No route matches {:action=>"show", :controller=>"posts", :id=>nil} missing required keys: [:id]):
  
app/controllers/posts_controller.rb:20:in `create'
  Rendering /Users/kellypowers/.rvm/gems/ruby-2.6.1/gems/actionpack-5.0.7.2/lib/action_dispatch/middleware/templates/rescues/diagnostics.html.erb within rescues/layout
  Rendering /Users/kellypowers/.rvm/gems/ruby-2.6.1/gems/actionpack-5.0.7.2/lib/action_dispatch/middleware/templates/rescues/_source.html.erb
  Rendered /Users/kellypowers/.rvm/gems/ruby-2.6.1/gems/actionpack-5.0.7.2/lib/action_dispatch/middleware/templates/rescues/_source.html.erb (4.8ms)
  Rendering /Users/kellypowers/.rvm/gems/ruby-2.6.1/gems/actionpack-5.0.7.2/lib/action_dispatch/middleware/templates/rescues/_trace.html.erb
  Rendered /Users/kellypowers/.rvm/gems/ruby-2.6.1/gems/actionpack-5.0.7.2/lib/action_dispatch/middleware/templates/rescues/_trace.html.erb (2.6ms)
  Rendering /Users/kellypowers/.rvm/gems/ruby-2.6.1/gems/actionpack-5.0.7.2/lib/action_dispatch/middleware/templates/rescues/_request_and_response.html.erb
  Rendered /Users/kellypowers/.rvm/gems/ruby-2.6.1/gems/actionpack-5.0.7.2/lib/action_dispatch/middleware/templates/rescues/_request_and_response.html.erb (1.3ms)
  Rendered /Users/kellypowers/.rvm/gems/ruby-2.6.1/gems/actionpack-5.0.7.2/lib/action_dispatch/middleware/templates/rescues/diagnostics.html.erb within rescues/layout (28.9ms)
  [1m[36mPost Load (0.1ms)[0m  [1m[34mSELECT  "posts".* FROM "posts" ORDER BY "posts"."id" DESC LIMIT ?[0m  [["LIMIT", 1]]
